<?xml version="1.0" encoding="UTF-8"?>
<testng-results ignored="0" total="1" passed="1" failed="0" skipped="0">
  <reporter-output>
  </reporter-output>
  <suite started-at="2021-12-13T16:31:37 IST" name="Default suite" finished-at="2021-12-13T16:31:48 IST" duration-ms="11498">
    <groups>
    </groups>
    <test started-at="2021-12-13T16:31:37 IST" name="Default test" finished-at="2021-12-13T16:31:48 IST" duration-ms="11498">
      <class name="tests.NavigateToGoogle">
        <test-method is-config="true" signature="setUp()[pri:0, instance:tests.NavigateToGoogle@1e683a3e]" started-at="2021-12-13T16:31:37 IST" name="setUp" finished-at="2021-12-13T16:31:48 IST" duration-ms="10578" status="PASS">
          <reporter-output>
          </reporter-output>
        </test-method> <!-- setUp -->
        <test-method signature="navigateToGoogleTest()[pri:0, instance:tests.NavigateToGoogle@1e683a3e]" started-at="2021-12-13T16:31:48 IST" name="navigateToGoogleTest" finished-at="2021-12-13T16:31:48 IST" duration-ms="164" status="PASS">
          <reporter-output>
          </reporter-output>
        </test-method> <!-- navigateToGoogleTest -->
        <test-method is-config="true" signature="tearDown()[pri:0, instance:tests.NavigateToGoogle@1e683a3e]" started-at="2021-12-13T16:31:48 IST" name="tearDown" finished-at="2021-12-13T16:31:48 IST" duration-ms="710" status="PASS">
          <reporter-output>
          </reporter-output>
        </test-method> <!-- tearDown -->
      </class> <!-- tests.NavigateToGoogle -->
    </test> <!-- Default test -->
  </suite> <!-- Default suite -->
</testng-results>
