<?xml version="1.0" encoding="UTF-8"?>
<!-- Generated by org.testng.reporters.JUnitXMLReporter -->
<testsuite ignored="0" hostname="WKWIN0221758" failures="0" tests="12" name="Test" time="0.068" errors="0" timestamp="2021-12-13T11:47:49 IST">
  <testcase classname="testng.pckg2.NewTestPckg2" name="testOne" time="0.005"/>
  <testcase classname="testng.pckg2.NewTestPckg2" name="testTwo" time="0.001"/>
  <testcase classname="testng.pckg2.NewTestPckg2" name="testThree" time="0.0"/>
  <testcase classname="testng.pckg2.NewTestPckg3" name="testOne" time="0.001"/>
  <testcase classname="testng.pckg2.NewTestPckg3" name="testThree" time="0.001"/>
  <testcase classname="testng.pckg2.NewTestPckg3" name="testTwo" time="0.001"/>
  <testcase classname="testng.pckg1.NewTest" name="testOne" time="0.001"/>
  <testcase classname="testng.pckg1.NewTest" name="testTwo" time="0.0"/>
  <testcase classname="testng.pckg1.NewTest" name="testThree" time="0.002"/>
  <testcase classname="testng.pckg1.NewTest2" name="testOne" time="0.001"/>
  <testcase classname="testng.pckg1.NewTest2" name="testThree" time="0.002"/>
  <testcase classname="testng.pckg1.NewTest2" name="testTwo" time="0.001"/>
</testsuite> <!-- Test -->
